<?xml version="1.0" encoding="UTF-8"?>
<!-- Generated by org.testng.reporters.JUnitReportReporter -->
<testsuite name="com.MavenTestNG.BaseClass" tests="1" time="4.801" ignored="0" failures="0" timestamp="29 Dec 2018 17:02:40 GMT" skipped="0" hostname="Bryces-MacBook-Pro.local" errors="0">
  <testcase name="setup" time="4.801" classname="com.MavenTestNG.BaseClass"/>
</testsuite> <!-- com.MavenTestNG.BaseClass -->
